npm error code ERESOLVE
npm error ERESOLVE could not resolve
npm error
npm error While resolving: @nestjs/serve-static@5.0.4
npm error Found: express@4.22.1
npm error node_modules/express
npm error   express@"^4.21.1" from @apollo/server@4.12.2
npm error   node_modules/@apollo/server
npm error     peer @apollo/server@"^4.0.0" from @apollo/server-plugin-landing-page-graphql-playground@4.0.1
npm error     node_modules/@apollo/server-plugin-landing-page-graphql-playground
npm error       @apollo/server-plugin-landing-page-graphql-playground@"4.0.1" from @nestjs/apollo@13.1.0
npm error       node_modules/@nestjs/apollo
npm error         @nestjs/apollo@"^13.1.0" from the root project
npm error     peer @apollo/server@"^4.11.3" from @nestjs/apollo@13.1.0
npm error     node_modules/@nestjs/apollo
npm error       @nestjs/apollo@"^13.1.0" from the root project
npm error   peer express@"^4.17.1" from apollo-server-express@3.13.0
npm error   node_modules/apollo-server-express
npm error     apollo-server-express@"^3.13.0" from the root project
npm error
npm error Could not resolve dependency:
npm error peerOptional express@"^5.0.1" from @nestjs/serve-static@5.0.4
npm error node_modules/@nestjs/serve-static
npm error   @nestjs/serve-static@"^5.0.4" from the root project
npm error
npm error Conflicting peer dependency: express@5.2.1
npm error node_modules/express
npm error   peerOptional express@"^5.0.1" from @nestjs/serve-static@5.0.4
npm error   node_modules/@nestjs/serve-static
npm error     @nestjs/serve-static@"^5.0.4" from the root project
npm error
npm error Fix the upstream dependency conflict, or retry
npm error this command with --force or --legacy-peer-deps
npm error to accept an incorrect (and potentially broken) dependency resolution.
npm error
npm error
npm error For a full report see:
npm error /home/candelaresi/.npm/_logs/2026-01-09T12_58_21_353Z-eresolve-report.txt
npm error A complete log of this run can be found in: /home/candelaresi/.npm/_logs/2026-01-09T12_58_21_353Z-debug-0.log
